<?xml version="1.0" encoding="UTF-8"?>
<robot generator="Robot 6.0.2 (Python 3.11.1 on darwin)" generated="20240116 12:22:25.881" rpa="false" schemaversion="3">
<suite id="s1" name="Shopping-App" source="/Users/udonshabu/Documents/QA Automation/rb-fw-testing/tests/shopping-app.robot">
<test id="s1-t1" name="Test case 1: Add a product to cart" line="12">
<kw name="Start test case" library="common" type="SETUP">
<kw name="Open Browser" library="SeleniumLibrary">
<doc>Opens a new browser instance to the optional ``url``.</doc>
<msg timestamp="20240116 12:22:25.940" level="INFO">Opening browser 'firefox' to base url 'None'.</msg>
<msg timestamp="20240116 12:22:25.940" level="INFO">Firefox driver log is always forced to to: /Users/udonshabu/Documents/QA Automation/rb-fw-testing/results/geckodriver-1.log</msg>
<status status="PASS" starttime="20240116 12:22:25.940" endtime="20240116 12:22:28.383"/>
</kw>
<kw name="Maximize Browser Window" library="SeleniumLibrary">
<doc>Maximizes current browser window.</doc>
<status status="PASS" starttime="20240116 12:22:28.385" endtime="20240116 12:22:28.858"/>
</kw>
<status status="PASS" starttime="20240116 12:22:25.939" endtime="20240116 12:22:28.858"/>
</kw>
<kw name="Navigate to web 'Product store'" library="common">
<kw name="Go To" library="SeleniumLibrary">
<arg>${url}</arg>
<doc>Navigates the current browser window to the provided ``url``.</doc>
<msg timestamp="20240116 12:22:28.858" level="INFO">Opening url 'https://www.demoblaze.com/index.html'</msg>
<status status="PASS" starttime="20240116 12:22:28.858" endtime="20240116 12:22:30.379"/>
</kw>
<status status="PASS" starttime="20240116 12:22:28.858" endtime="20240116 12:22:30.379"/>
</kw>
<kw name="Verify that product list page is visible successfully" library="home-page">
<kw name="Page Should Contain Element" library="SeleniumLibrary">
<arg>${product_list}</arg>
<doc>Verifies that element ``locator`` is found on the current page.</doc>
<msg timestamp="20240116 12:22:30.397" level="INFO">Current page contains element 'id=tbodyid'.</msg>
<status status="PASS" starttime="20240116 12:22:30.380" endtime="20240116 12:22:30.397"/>
</kw>
<status status="PASS" starttime="20240116 12:22:30.379" endtime="20240116 12:22:30.397"/>
</kw>
<kw name="Click a product card" library="home-page">
<kw name="Wait Until Page Contains Element" library="SeleniumLibrary">
<arg>${product_card}</arg>
<doc>Waits until the element ``locator`` appears on the current page.</doc>
<status status="PASS" starttime="20240116 12:22:30.398" endtime="20240116 12:22:30.821"/>
</kw>
<kw name="Click Element" library="SeleniumLibrary">
<arg>${product_card}</arg>
<doc>Click the element identified by ``locator``.</doc>
<msg timestamp="20240116 12:22:30.821" level="INFO">Clicking element 'css=a[href*="prod.html?idp_=1"]'.</msg>
<status status="PASS" starttime="20240116 12:22:30.821" endtime="20240116 12:22:31.453"/>
</kw>
<status status="PASS" starttime="20240116 12:22:30.397" endtime="20240116 12:22:31.453"/>
</kw>
<kw name="Verify that product detail page is visible successfully" library="product-detail-page">
<kw name="Wait Until Page Contains Element" library="SeleniumLibrary">
<arg>${add_to_cart_btn}</arg>
<doc>Waits until the element ``locator`` appears on the current page.</doc>
<status status="PASS" starttime="20240116 12:22:31.453" endtime="20240116 12:22:32.349"/>
</kw>
<kw name="Page Should Contain Element" library="SeleniumLibrary">
<arg>${add_to_cart_btn}</arg>
<doc>Verifies that element ``locator`` is found on the current page.</doc>
<msg timestamp="20240116 12:22:32.355" level="INFO">Current page contains element '//a[normalize-space()='Add to cart']'.</msg>
<status status="PASS" starttime="20240116 12:22:32.349" endtime="20240116 12:22:32.355"/>
</kw>
<status status="PASS" starttime="20240116 12:22:31.453" endtime="20240116 12:22:32.356"/>
</kw>
<kw name="Add a products to cart" library="product-detail-page">
<kw name="Get Text" library="SeleniumLibrary">
<var>${new_name}</var>
<arg>css=.name</arg>
<doc>Returns the text value of the element identified by ``locator``.</doc>
<msg timestamp="20240116 12:22:32.388" level="INFO">${new_name} = Samsung galaxy s6</msg>
<status status="PASS" starttime="20240116 12:22:32.356" endtime="20240116 12:22:32.388"/>
</kw>
<kw name="Set Global Variable" library="BuiltIn">
<arg>${PRODUCT_NAME}</arg>
<arg>${new_name}</arg>
<doc>Makes a variable available globally in all tests and suites.</doc>
<msg timestamp="20240116 12:22:32.388" level="INFO">${PRODUCT_NAME} = Samsung galaxy s6</msg>
<status status="PASS" starttime="20240116 12:22:32.388" endtime="20240116 12:22:32.388"/>
</kw>
<kw name="Click Element" library="SeleniumLibrary">
<arg>${add_to_cart_btn}</arg>
<doc>Click the element identified by ``locator``.</doc>
<msg timestamp="20240116 12:22:32.389" level="INFO">Clicking element '//a[normalize-space()='Add to cart']'.</msg>
<status status="PASS" starttime="20240116 12:22:32.388" endtime="20240116 12:22:32.418"/>
</kw>
<kw name="Show alert" library="product-detail-page">
<arg>Product added</arg>
<kw name="Alert Should Be Present" library="SeleniumLibrary">
<arg>${message}</arg>
<doc>Verifies that an alert is present and by default, accepts it.</doc>
<msg timestamp="20240116 12:22:32.418" level="INFO">HANDLE::&lt;class 'NoneType'&gt;::None</msg>
<status status="PASS" starttime="20240116 12:22:32.418" endtime="20240116 12:22:33.457"/>
</kw>
<status status="PASS" starttime="20240116 12:22:32.418" endtime="20240116 12:22:33.457"/>
</kw>
<status status="PASS" starttime="20240116 12:22:32.356" endtime="20240116 12:22:33.457"/>
</kw>
<kw name="Verify a product is added to cart" library="cart-page">
<kw name="Click Element" library="SeleniumLibrary">
<arg>${cart_nav}</arg>
<doc>Click the element identified by ``locator``.</doc>
<msg timestamp="20240116 12:22:33.457" level="INFO">Clicking element '//a[@id='cartur']'.</msg>
<status status="PASS" starttime="20240116 12:22:33.457" endtime="20240116 12:22:34.245"/>
</kw>
<kw name="Verify a product name" library="cart-page">
<kw name="Wait Until Page Contains Element" library="SeleniumLibrary">
<arg>${product_name_locator}</arg>
<doc>Waits until the element ``locator`` appears on the current page.</doc>
<status status="PASS" starttime="20240116 12:22:34.245" endtime="20240116 12:22:35.517"/>
</kw>
<kw name="Get Text" library="SeleniumLibrary">
<var>${actual_product_name}</var>
<arg>${product_name_locator}</arg>
<doc>Returns the text value of the element identified by ``locator``.</doc>
<msg timestamp="20240116 12:22:35.546" level="INFO">${actual_product_name} = Samsung galaxy s6</msg>
<status status="PASS" starttime="20240116 12:22:35.517" endtime="20240116 12:22:35.546"/>
</kw>
<kw name="Should Be Equal As Strings" library="BuiltIn">
<arg>${actual_product_name}</arg>
<arg>${PRODUCT_NAME}</arg>
<arg>Product name mismatch</arg>
<doc>Fails if objects are unequal after converting them to strings.</doc>
<status status="PASS" starttime="20240116 12:22:35.546" endtime="20240116 12:22:35.546"/>
</kw>
<status status="PASS" starttime="20240116 12:22:34.245" endtime="20240116 12:22:35.546"/>
</kw>
<status status="PASS" starttime="20240116 12:22:33.457" endtime="20240116 12:22:35.546"/>
</kw>
<kw name="Finish test case" library="common" type="TEARDOWN">
<kw name="Close Browser" library="SeleniumLibrary">
<doc>Closes the current browser.</doc>
<status status="PASS" starttime="20240116 12:22:35.546" endtime="20240116 12:22:36.042"/>
</kw>
<status status="PASS" starttime="20240116 12:22:35.546" endtime="20240116 12:22:36.042"/>
</kw>
<status status="PASS" starttime="20240116 12:22:25.939" endtime="20240116 12:22:36.042"/>
</test>
<test id="s1-t2" name="Test Case 2: Remove Products From Cart" line="20">
<kw name="Start test case" library="common" type="SETUP">
<kw name="Open Browser" library="SeleniumLibrary">
<doc>Opens a new browser instance to the optional ``url``.</doc>
<msg timestamp="20240116 12:22:36.043" level="INFO">Opening browser 'firefox' to base url 'None'.</msg>
<msg timestamp="20240116 12:22:36.043" level="INFO">Firefox driver log is always forced to to: /Users/udonshabu/Documents/QA Automation/rb-fw-testing/results/geckodriver-2.log</msg>
<status status="PASS" starttime="20240116 12:22:36.043" endtime="20240116 12:22:38.490"/>
</kw>
<kw name="Maximize Browser Window" library="SeleniumLibrary">
<doc>Maximizes current browser window.</doc>
<status status="PASS" starttime="20240116 12:22:38.491" endtime="20240116 12:22:38.947"/>
</kw>
<status status="PASS" starttime="20240116 12:22:36.043" endtime="20240116 12:22:38.947"/>
</kw>
<kw name="Navigate to web 'Product store'" library="common">
<kw name="Go To" library="SeleniumLibrary">
<arg>${url}</arg>
<doc>Navigates the current browser window to the provided ``url``.</doc>
<msg timestamp="20240116 12:22:38.948" level="INFO">Opening url 'https://www.demoblaze.com/index.html'</msg>
<status status="PASS" starttime="20240116 12:22:38.948" endtime="20240116 12:22:40.225"/>
</kw>
<status status="PASS" starttime="20240116 12:22:38.947" endtime="20240116 12:22:40.225"/>
</kw>
<kw name="Verify that product list page is visible successfully" library="home-page">
<kw name="Page Should Contain Element" library="SeleniumLibrary">
<arg>${product_list}</arg>
<doc>Verifies that element ``locator`` is found on the current page.</doc>
<msg timestamp="20240116 12:22:40.236" level="INFO">Current page contains element 'id=tbodyid'.</msg>
<status status="PASS" starttime="20240116 12:22:40.226" endtime="20240116 12:22:40.236"/>
</kw>
<status status="PASS" starttime="20240116 12:22:40.226" endtime="20240116 12:22:40.236"/>
</kw>
<kw name="Click a product card" library="home-page">
<kw name="Wait Until Page Contains Element" library="SeleniumLibrary">
<arg>${product_card}</arg>
<doc>Waits until the element ``locator`` appears on the current page.</doc>
<status status="PASS" starttime="20240116 12:22:40.236" endtime="20240116 12:22:40.864"/>
</kw>
<kw name="Click Element" library="SeleniumLibrary">
<arg>${product_card}</arg>
<doc>Click the element identified by ``locator``.</doc>
<msg timestamp="20240116 12:22:40.864" level="INFO">Clicking element 'css=a[href*="prod.html?idp_=1"]'.</msg>
<status status="PASS" starttime="20240116 12:22:40.864" endtime="20240116 12:22:41.529"/>
</kw>
<status status="PASS" starttime="20240116 12:22:40.236" endtime="20240116 12:22:41.529"/>
</kw>
<kw name="Verify that product detail page is visible successfully" library="product-detail-page">
<kw name="Wait Until Page Contains Element" library="SeleniumLibrary">
<arg>${add_to_cart_btn}</arg>
<doc>Waits until the element ``locator`` appears on the current page.</doc>
<status status="PASS" starttime="20240116 12:22:41.529" endtime="20240116 12:22:42.155"/>
</kw>
<kw name="Page Should Contain Element" library="SeleniumLibrary">
<arg>${add_to_cart_btn}</arg>
<doc>Verifies that element ``locator`` is found on the current page.</doc>
<msg timestamp="20240116 12:22:42.159" level="INFO">Current page contains element '//a[normalize-space()='Add to cart']'.</msg>
<status status="PASS" starttime="20240116 12:22:42.155" endtime="20240116 12:22:42.159"/>
</kw>
<status status="PASS" starttime="20240116 12:22:41.529" endtime="20240116 12:22:42.159"/>
</kw>
<kw name="Add a products to cart" library="product-detail-page">
<kw name="Get Text" library="SeleniumLibrary">
<var>${new_name}</var>
<arg>css=.name</arg>
<doc>Returns the text value of the element identified by ``locator``.</doc>
<msg timestamp="20240116 12:22:42.182" level="INFO">${new_name} = Samsung galaxy s6</msg>
<status status="PASS" starttime="20240116 12:22:42.160" endtime="20240116 12:22:42.182"/>
</kw>
<kw name="Set Global Variable" library="BuiltIn">
<arg>${PRODUCT_NAME}</arg>
<arg>${new_name}</arg>
<doc>Makes a variable available globally in all tests and suites.</doc>
<msg timestamp="20240116 12:22:42.182" level="INFO">${PRODUCT_NAME} = Samsung galaxy s6</msg>
<status status="PASS" starttime="20240116 12:22:42.182" endtime="20240116 12:22:42.182"/>
</kw>
<kw name="Click Element" library="SeleniumLibrary">
<arg>${add_to_cart_btn}</arg>
<doc>Click the element identified by ``locator``.</doc>
<msg timestamp="20240116 12:22:42.183" level="INFO">Clicking element '//a[normalize-space()='Add to cart']'.</msg>
<status status="PASS" starttime="20240116 12:22:42.182" endtime="20240116 12:22:42.210"/>
</kw>
<kw name="Show alert" library="product-detail-page">
<arg>Product added</arg>
<kw name="Alert Should Be Present" library="SeleniumLibrary">
<arg>${message}</arg>
<doc>Verifies that an alert is present and by default, accepts it.</doc>
<msg timestamp="20240116 12:22:42.211" level="INFO">HANDLE::&lt;class 'NoneType'&gt;::None</msg>
<status status="PASS" starttime="20240116 12:22:42.211" endtime="20240116 12:22:43.257"/>
</kw>
<status status="PASS" starttime="20240116 12:22:42.210" endtime="20240116 12:22:43.257"/>
</kw>
<status status="PASS" starttime="20240116 12:22:42.159" endtime="20240116 12:22:43.257"/>
</kw>
<kw name="Verify a product is added to cart" library="cart-page">
<kw name="Click Element" library="SeleniumLibrary">
<arg>${cart_nav}</arg>
<doc>Click the element identified by ``locator``.</doc>
<msg timestamp="20240116 12:22:43.258" level="INFO">Clicking element '//a[@id='cartur']'.</msg>
<status status="PASS" starttime="20240116 12:22:43.257" endtime="20240116 12:22:43.988"/>
</kw>
<kw name="Verify a product name" library="cart-page">
<kw name="Wait Until Page Contains Element" library="SeleniumLibrary">
<arg>${product_name_locator}</arg>
<doc>Waits until the element ``locator`` appears on the current page.</doc>
<status status="PASS" starttime="20240116 12:22:43.988" endtime="20240116 12:22:45.030"/>
</kw>
<kw name="Get Text" library="SeleniumLibrary">
<var>${actual_product_name}</var>
<arg>${product_name_locator}</arg>
<doc>Returns the text value of the element identified by ``locator``.</doc>
<msg timestamp="20240116 12:22:45.044" level="INFO">${actual_product_name} = Samsung galaxy s6</msg>
<status status="PASS" starttime="20240116 12:22:45.030" endtime="20240116 12:22:45.044"/>
</kw>
<kw name="Should Be Equal As Strings" library="BuiltIn">
<arg>${actual_product_name}</arg>
<arg>${PRODUCT_NAME}</arg>
<arg>Product name mismatch</arg>
<doc>Fails if objects are unequal after converting them to strings.</doc>
<status status="PASS" starttime="20240116 12:22:45.044" endtime="20240116 12:22:45.045"/>
</kw>
<status status="PASS" starttime="20240116 12:22:43.988" endtime="20240116 12:22:45.045"/>
</kw>
<status status="PASS" starttime="20240116 12:22:43.257" endtime="20240116 12:22:45.045"/>
</kw>
<kw name="Click 'Delete' to remove products from cart" library="cart-page">
<kw name="Click Element" library="SeleniumLibrary">
<arg>${delete-btn}</arg>
<doc>Click the element identified by ``locator``.</doc>
<msg timestamp="20240116 12:22:45.045" level="INFO">Clicking element '//a[normalize-space()='Delete']'.</msg>
<status status="PASS" starttime="20240116 12:22:45.045" endtime="20240116 12:22:45.085"/>
</kw>
<kw name="Wait Until Page Does Not Contain" library="SeleniumLibrary">
<arg>${PRODUCT_NAME}</arg>
<doc>Waits until ``text`` disappears from the current page.</doc>
<status status="PASS" starttime="20240116 12:22:45.085" endtime="20240116 12:22:46.265"/>
</kw>
<status status="PASS" starttime="20240116 12:22:45.045" endtime="20240116 12:22:46.265"/>
</kw>
<kw name="Verify that product is removed from cart" library="cart-page">
<kw name="Page Should Not Contain Element" library="SeleniumLibrary">
<arg>${product_name_locator}</arg>
<doc>Verifies that element ``locator`` is not found on the current page.</doc>
<msg timestamp="20240116 12:22:46.272" level="INFO">Current page does not contain element '//tbody/tr[1]/td[2]'.</msg>
<status status="PASS" starttime="20240116 12:22:46.265" endtime="20240116 12:22:46.272"/>
</kw>
<status status="PASS" starttime="20240116 12:22:46.265" endtime="20240116 12:22:46.272"/>
</kw>
<kw name="Finish test case" library="common" type="TEARDOWN">
<kw name="Close Browser" library="SeleniumLibrary">
<doc>Closes the current browser.</doc>
<status status="PASS" starttime="20240116 12:22:46.273" endtime="20240116 12:22:46.857"/>
</kw>
<status status="PASS" starttime="20240116 12:22:46.272" endtime="20240116 12:22:46.857"/>
</kw>
<status status="PASS" starttime="20240116 12:22:36.042" endtime="20240116 12:22:46.857"/>
</test>
<status status="PASS" starttime="20240116 12:22:25.881" endtime="20240116 12:22:46.858"/>
</suite>
<statistics>
<total>
<stat pass="2" fail="0" skip="0">All Tests</stat>
</total>
<tag>
</tag>
<suite>
<stat pass="2" fail="0" skip="0" id="s1" name="Shopping-App">Shopping-App</stat>
</suite>
</statistics>
<errors>
</errors>
</robot>
